[ 2017-09-08T07:45:52+08:00 ] ::1 /simplecard
INFO: [ app_init ] --START--
INFO: Run Behavior\BuildLiteBehavior [ RunTime:0.000000s ]
INFO: [ app_init ] --END-- [ RunTime:0.000000s ]
INFO: [ app_begin ] --START--
INFO: Run Behavior\ReadHtmlCacheBehavior [ RunTime:0.002500s ]
INFO: [ app_begin ] --END-- [ RunTime:0.002500s ]
SQL: SHOW COLUMNS FROM `simplecard` [ RunTime:0.0637s ]
SQL: SELECT * FROM `simplecard`  [ RunTime:0.0225s ]
INFO: [ view_parse ] --START--
INFO: [ template_filter ] --START--
INFO: Run Behavior\ContentReplaceBehavior [ RunTime:0.000000s ]
INFO: [ template_filter ] --END-- [ RunTime:0.000000s ]
NOTIC: [8] Undefined variable: clan D:\phpStudy\WWW\Application\Runtime\Cache\Simplecard\2760b673d7baaf4281ddea0d5eebdb3a.php 第 87 行.
NOTIC: [8] Undefined variable: clan D:\phpStudy\WWW\Application\Runtime\Cache\Simplecard\2760b673d7baaf4281ddea0d5eebdb3a.php 第 87 行.
NOTIC: [8] Undefined variable: clan D:\phpStudy\WWW\Application\Runtime\Cache\Simplecard\2760b673d7baaf4281ddea0d5eebdb3a.php 第 90 行.
NOTIC: [8] Undefined variable: clan D:\phpStudy\WWW\Application\Runtime\Cache\Simplecard\2760b673d7baaf4281ddea0d5eebdb3a.php 第 90 行.
NOTIC: [8] Undefined variable: clan D:\phpStudy\WWW\Application\Runtime\Cache\Simplecard\2760b673d7baaf4281ddea0d5eebdb3a.php 第 93 行.
NOTIC: [8] Undefined variable: clan D:\phpStudy\WWW\Application\Runtime\Cache\Simplecard\2760b673d7baaf4281ddea0d5eebdb3a.php 第 93 行.
NOTIC: [8] Undefined variable: clan D:\phpStudy\WWW\Application\Runtime\Cache\Simplecard\2760b673d7baaf4281ddea0d5eebdb3a.php 第 96 行.
NOTIC: [8] Undefined variable: clan D:\phpStudy\WWW\Application\Runtime\Cache\Simplecard\2760b673d7baaf4281ddea0d5eebdb3a.php 第 96 行.
NOTIC: [8] Undefined variable: clan D:\phpStudy\WWW\Application\Runtime\Cache\Simplecard\2760b673d7baaf4281ddea0d5eebdb3a.php 第 99 行.
NOTIC: [8] Undefined variable: clan D:\phpStudy\WWW\Application\Runtime\Cache\Simplecard\2760b673d7baaf4281ddea0d5eebdb3a.php 第 99 行.
NOTIC: [8] Undefined variable: clan D:\phpStudy\WWW\Application\Runtime\Cache\Simplecard\2760b673d7baaf4281ddea0d5eebdb3a.php 第 102 行.
NOTIC: [8] Undefined variable: clan D:\phpStudy\WWW\Application\Runtime\Cache\Simplecard\2760b673d7baaf4281ddea0d5eebdb3a.php 第 102 行.
NOTIC: [8] Undefined variable: clan D:\phpStudy\WWW\Application\Runtime\Cache\Simplecard\2760b673d7baaf4281ddea0d5eebdb3a.php 第 105 行.
NOTIC: [8] Undefined variable: clan D:\phpStudy\WWW\Application\Runtime\Cache\Simplecard\2760b673d7baaf4281ddea0d5eebdb3a.php 第 105 行.
NOTIC: [8] Undefined variable: clan D:\phpStudy\WWW\Application\Runtime\Cache\Simplecard\2760b673d7baaf4281ddea0d5eebdb3a.php 第 108 行.
NOTIC: [8] Undefined variable: clan D:\phpStudy\WWW\Application\Runtime\Cache\Simplecard\2760b673d7baaf4281ddea0d5eebdb3a.php 第 108 行.
NOTIC: [8] Undefined variable: type D:\phpStudy\WWW\Application\Runtime\Cache\Simplecard\2760b673d7baaf4281ddea0d5eebdb3a.php 第 121 行.
NOTIC: [8] Undefined variable: type D:\phpStudy\WWW\Application\Runtime\Cache\Simplecard\2760b673d7baaf4281ddea0d5eebdb3a.php 第 121 行.
NOTIC: [8] Undefined variable: type D:\phpStudy\WWW\Application\Runtime\Cache\Simplecard\2760b673d7baaf4281ddea0d5eebdb3a.php 第 124 行.
NOTIC: [8] Undefined variable: type D:\phpStudy\WWW\Application\Runtime\Cache\Simplecard\2760b673d7baaf4281ddea0d5eebdb3a.php 第 124 行.
NOTIC: [8] Undefined variable: type D:\phpStudy\WWW\Application\Runtime\Cache\Simplecard\2760b673d7baaf4281ddea0d5eebdb3a.php 第 127 行.
NOTIC: [8] Undefined variable: type D:\phpStudy\WWW\Application\Runtime\Cache\Simplecard\2760b673d7baaf4281ddea0d5eebdb3a.php 第 127 行.
NOTIC: [8] Undefined variable: type D:\phpStudy\WWW\Application\Runtime\Cache\Simplecard\2760b673d7baaf4281ddea0d5eebdb3a.php 第 130 行.
NOTIC: [8] Undefined variable: type D:\phpStudy\WWW\Application\Runtime\Cache\Simplecard\2760b673d7baaf4281ddea0d5eebdb3a.php 第 130 行.
NOTIC: [8] Undefined variable: type D:\phpStudy\WWW\Application\Runtime\Cache\Simplecard\2760b673d7baaf4281ddea0d5eebdb3a.php 第 133 行.
NOTIC: [8] Undefined variable: type D:\phpStudy\WWW\Application\Runtime\Cache\Simplecard\2760b673d7baaf4281ddea0d5eebdb3a.php 第 133 行.
NOTIC: [8] Undefined variable: type D:\phpStudy\WWW\Application\Runtime\Cache\Simplecard\2760b673d7baaf4281ddea0d5eebdb3a.php 第 136 行.
NOTIC: [8] Undefined variable: type D:\phpStudy\WWW\Application\Runtime\Cache\Simplecard\2760b673d7baaf4281ddea0d5eebdb3a.php 第 136 行.
NOTIC: [8] Undefined variable: type D:\phpStudy\WWW\Application\Runtime\Cache\Simplecard\2760b673d7baaf4281ddea0d5eebdb3a.php 第 139 行.
NOTIC: [8] Undefined variable: type D:\phpStudy\WWW\Application\Runtime\Cache\Simplecard\2760b673d7baaf4281ddea0d5eebdb3a.php 第 139 行.
NOTIC: [8] Undefined variable: deck D:\phpStudy\WWW\Application\Runtime\Cache\Simplecard\2760b673d7baaf4281ddea0d5eebdb3a.php 第 148 行.
NOTIC: [8] Undefined variable: deck D:\phpStudy\WWW\Application\Runtime\Cache\Simplecard\2760b673d7baaf4281ddea0d5eebdb3a.php 第 148 行.
NOTIC: [8] Undefined variable: deck D:\phpStudy\WWW\Application\Runtime\Cache\Simplecard\2760b673d7baaf4281ddea0d5eebdb3a.php 第 151 行.
NOTIC: [8] Undefined variable: deck D:\phpStudy\WWW\Application\Runtime\Cache\Simplecard\2760b673d7baaf4281ddea0d5eebdb3a.php 第 151 行.
NOTIC: [8] Undefined variable: other D:\phpStudy\WWW\Application\Runtime\Cache\Simplecard\2760b673d7baaf4281ddea0d5eebdb3a.php 第 154 行.
NOTIC: [8] Undefined variable: other D:\phpStudy\WWW\Application\Runtime\Cache\Simplecard\2760b673d7baaf4281ddea0d5eebdb3a.php 第 154 行.
NOTIC: [8] Undefined variable: count D:\phpStudy\WWW\Application\Runtime\Cache\Simplecard\2760b673d7baaf4281ddea0d5eebdb3a.php 第 160 行.
INFO: Run Behavior\ParseTemplateBehavior [ RunTime:0.238100s ]
INFO: [ view_parse ] --END-- [ RunTime:0.238100s ]
INFO: [ view_filter ] --START--
INFO: Run Behavior\WriteHtmlCacheBehavior [ RunTime:0.000000s ]
INFO: [ view_filter ] --END-- [ RunTime:0.000000s ]
INFO: [ app_end ] --START--
INFO: Run Behavior\ShowPageTraceBehavior [ RunTime:0.000000s ]
INFO: [ app_end ] --END-- [ RunTime:0.000000s ]

[ 2017-09-08T07:45:58+08:00 ] ::1 /index.php/Simplecard/Index/find
INFO: [ app_init ] --START--
INFO: Run Behavior\BuildLiteBehavior [ RunTime:0.000000s ]
INFO: [ app_init ] --END-- [ RunTime:0.000000s ]
INFO: [ app_begin ] --START--
INFO: Run Behavior\ReadHtmlCacheBehavior [ RunTime:0.000000s ]
INFO: [ app_begin ] --END-- [ RunTime:0.000000s ]
SQL: SHOW COLUMNS FROM `simplecard` [ RunTime:0.0050s ]
NOTIC: [8] Undefined index: deck D:\phpStudy\WWW\Application\Simplecard\Controller\IndexController.class.php 第 30 行.
NOTIC: [8] Undefined index: other D:\phpStudy\WWW\Application\Simplecard\Controller\IndexController.class.php 第 31 行.
SQL: SELECT * FROM `simplecard` WHERE `Clan` IN ('Dragon') AND `Type` IN ('Role') AND `Deck` LIKE '%' AND `Name` LIKE '%' ORDER BY Clan,Deck,Type,Cost  [ RunTime:0.0150s ]
INFO: [ view_parse ] --START--
INFO: [ template_filter ] --START--
INFO: Run Behavior\ContentReplaceBehavior [ RunTime:0.000000s ]
INFO: [ template_filter ] --END-- [ RunTime:0.000000s ]
NOTIC: [8] Undefined variable: card D:\phpStudy\WWW\Application\Runtime\Cache\Simplecard\2760b673d7baaf4281ddea0d5eebdb3a.php 第 230 行.
INFO: Run Behavior\ParseTemplateBehavior [ RunTime:0.015600s ]
INFO: [ view_parse ] --END-- [ RunTime:0.015600s ]
INFO: [ view_filter ] --START--
INFO: Run Behavior\WriteHtmlCacheBehavior [ RunTime:0.000000s ]
INFO: [ view_filter ] --END-- [ RunTime:0.000000s ]
INFO: [ app_end ] --START--
INFO: Run Behavior\ShowPageTraceBehavior [ RunTime:0.000000s ]
INFO: [ app_end ] --END-- [ RunTime:0.000000s ]

[ 2017-09-08T07:46:04+08:00 ] ::1 /index.php/Simplecard/Index/find
INFO: [ app_init ] --START--
INFO: Run Behavior\BuildLiteBehavior [ RunTime:0.000000s ]
INFO: [ app_init ] --END-- [ RunTime:0.000000s ]
INFO: [ app_begin ] --START--
INFO: Run Behavior\ReadHtmlCacheBehavior [ RunTime:0.002500s ]
INFO: [ app_begin ] --END-- [ RunTime:0.002500s ]
SQL: SHOW COLUMNS FROM `simplecard` [ RunTime:0.0025s ]
NOTIC: [8] Undefined index: deck D:\phpStudy\WWW\Application\Simplecard\Controller\IndexController.class.php 第 30 行.
NOTIC: [8] Undefined index: other D:\phpStudy\WWW\Application\Simplecard\Controller\IndexController.class.php 第 31 行.
SQL: SELECT * FROM `simplecard` WHERE `Clan` IN ('Dragon') AND `Type` IN ('Event') AND `Deck` LIKE '%' AND `Name` LIKE '%' ORDER BY Clan,Deck,Type,Cost  [ RunTime:0.0000s ]
INFO: [ view_parse ] --START--
INFO: [ template_filter ] --START--
INFO: Run Behavior\ContentReplaceBehavior [ RunTime:0.000000s ]
INFO: [ template_filter ] --END-- [ RunTime:0.000000s ]
INFO: Run Behavior\ParseTemplateBehavior [ RunTime:0.015600s ]
INFO: [ view_parse ] --END-- [ RunTime:0.015600s ]
INFO: [ view_filter ] --START--
INFO: Run Behavior\WriteHtmlCacheBehavior [ RunTime:0.000000s ]
INFO: [ view_filter ] --END-- [ RunTime:0.000000s ]
INFO: [ app_end ] --START--
INFO: Run Behavior\ShowPageTraceBehavior [ RunTime:0.000000s ]
INFO: [ app_end ] --END-- [ RunTime:0.000000s ]

[ 2017-09-08T07:46:17+08:00 ] ::1 /index.php/Simplecard/Index/find
INFO: [ app_init ] --START--
INFO: Run Behavior\BuildLiteBehavior [ RunTime:0.000000s ]
INFO: [ app_init ] --END-- [ RunTime:0.000000s ]
INFO: [ app_begin ] --START--
INFO: Run Behavior\ReadHtmlCacheBehavior [ RunTime:0.002500s ]
INFO: [ app_begin ] --END-- [ RunTime:0.002500s ]
SQL: SHOW COLUMNS FROM `simplecard` [ RunTime:0.0000s ]
NOTIC: [8] Undefined index: clan D:\phpStudy\WWW\Application\Simplecard\Controller\IndexController.class.php 第 15 行.
NOTIC: [8] Undefined index: type D:\phpStudy\WWW\Application\Simplecard\Controller\IndexController.class.php 第 22 行.
NOTIC: [8] Undefined index: deck D:\phpStudy\WWW\Application\Simplecard\Controller\IndexController.class.php 第 30 行.
NOTIC: [8] Undefined index: other D:\phpStudy\WWW\Application\Simplecard\Controller\IndexController.class.php 第 31 行.
SQL: SELECT * FROM `simplecard` WHERE `Clan` LIKE '%' AND `Type` LIKE '%' AND `Deck` LIKE '%' AND `Name` LIKE '%' ORDER BY Clan,Deck,Type,Cost  [ RunTime:0.0156s ]
INFO: [ view_parse ] --START--
INFO: [ template_filter ] --START--
INFO: Run Behavior\ContentReplaceBehavior [ RunTime:0.000000s ]
INFO: [ template_filter ] --END-- [ RunTime:0.002500s ]
INFO: Run Behavior\ParseTemplateBehavior [ RunTime:0.017500s ]
INFO: [ view_parse ] --END-- [ RunTime:0.017500s ]
INFO: [ view_filter ] --START--
INFO: Run Behavior\WriteHtmlCacheBehavior [ RunTime:0.002500s ]
INFO: [ view_filter ] --END-- [ RunTime:0.002500s ]
INFO: [ app_end ] --START--
INFO: Run Behavior\ShowPageTraceBehavior [ RunTime:0.000000s ]
INFO: [ app_end ] --END-- [ RunTime:0.000000s ]

[ 2017-09-08T07:48:18+08:00 ] ::1 /index.php/Simplecard/Index/find
INFO: [ app_init ] --START--
INFO: Run Behavior\BuildLiteBehavior [ RunTime:0.000000s ]
INFO: [ app_init ] --END-- [ RunTime:0.000000s ]
INFO: [ app_begin ] --START--
INFO: Run Behavior\ReadHtmlCacheBehavior [ RunTime:0.002500s ]
INFO: [ app_begin ] --END-- [ RunTime:0.002500s ]
SQL: SHOW COLUMNS FROM `simplecard` [ RunTime:0.0025s ]
NOTIC: [8] Undefined index: clan D:\phpStudy\WWW\Application\Simplecard\Controller\IndexController.class.php 第 15 行.
NOTIC: [8] Undefined index: type D:\phpStudy\WWW\Application\Simplecard\Controller\IndexController.class.php 第 22 行.
NOTIC: [8] Undefined index: deck D:\phpStudy\WWW\Application\Simplecard\Controller\IndexController.class.php 第 30 行.
NOTIC: [8] Undefined index: other D:\phpStudy\WWW\Application\Simplecard\Controller\IndexController.class.php 第 31 行.
SQL: SELECT * FROM `simplecard` WHERE `Clan` LIKE '%' AND `Type` LIKE '%' AND `Deck` LIKE '%' AND `Name` LIKE '%' ORDER BY Clan,Deck,Type,Cost  [ RunTime:0.0000s ]
INFO: [ view_parse ] --START--
INFO: [ template_filter ] --START--
INFO: Run Behavior\ContentReplaceBehavior [ RunTime:0.000000s ]
INFO: [ template_filter ] --END-- [ RunTime:0.000000s ]
INFO: Run Behavior\ParseTemplateBehavior [ RunTime:0.015600s ]
INFO: [ view_parse ] --END-- [ RunTime:0.015600s ]
INFO: [ view_filter ] --START--
INFO: Run Behavior\WriteHtmlCacheBehavior [ RunTime:0.000000s ]
INFO: [ view_filter ] --END-- [ RunTime:0.000000s ]
INFO: [ app_end ] --START--
INFO: Run Behavior\ShowPageTraceBehavior [ RunTime:0.000000s ]
INFO: [ app_end ] --END-- [ RunTime:0.000000s ]

[ 2017-09-08T07:48:38+08:00 ] ::1 /index.php/Simplecard/Index/find
INFO: [ app_init ] --START--
INFO: Run Behavior\BuildLiteBehavior [ RunTime:0.000000s ]
INFO: [ app_init ] --END-- [ RunTime:0.000000s ]
INFO: [ app_begin ] --START--
INFO: Run Behavior\ReadHtmlCacheBehavior [ RunTime:0.000000s ]
INFO: [ app_begin ] --END-- [ RunTime:0.000000s ]
SQL: SHOW COLUMNS FROM `simplecard` [ RunTime:0.0050s ]
NOTIC: [8] Undefined index: type D:\phpStudy\WWW\Application\Simplecard\Controller\IndexController.class.php 第 22 行.
NOTIC: [8] Undefined index: deck D:\phpStudy\WWW\Application\Simplecard\Controller\IndexController.class.php 第 30 行.
NOTIC: [8] Undefined index: other D:\phpStudy\WWW\Application\Simplecard\Controller\IndexController.class.php 第 31 行.
SQL: SELECT * FROM `simplecard` WHERE `Clan` IN ('Neutral') AND `Type` LIKE '%' AND `Deck` LIKE '%' AND `Name` LIKE '%' ORDER BY Clan,Deck,Type,Cost  [ RunTime:0.0000s ]
INFO: [ view_parse ] --START--
INFO: [ template_filter ] --START--
INFO: Run Behavior\ContentReplaceBehavior [ RunTime:0.000000s ]
INFO: [ template_filter ] --END-- [ RunTime:0.000000s ]
INFO: Run Behavior\ParseTemplateBehavior [ RunTime:0.015600s ]
INFO: [ view_parse ] --END-- [ RunTime:0.015600s ]
INFO: [ view_filter ] --START--
INFO: Run Behavior\WriteHtmlCacheBehavior [ RunTime:0.000000s ]
INFO: [ view_filter ] --END-- [ RunTime:0.000000s ]
INFO: [ app_end ] --START--
INFO: Run Behavior\ShowPageTraceBehavior [ RunTime:0.000000s ]
INFO: [ app_end ] --END-- [ RunTime:0.000000s ]

[ 2017-09-08T07:48:40+08:00 ] ::1 /index.php/Simplecard/Index/find
INFO: [ app_init ] --START--
INFO: Run Behavior\BuildLiteBehavior [ RunTime:0.000000s ]
INFO: [ app_init ] --END-- [ RunTime:0.000000s ]
INFO: [ app_begin ] --START--
INFO: Run Behavior\ReadHtmlCacheBehavior [ RunTime:0.002500s ]
INFO: [ app_begin ] --END-- [ RunTime:0.002500s ]
SQL: SHOW COLUMNS FROM `simplecard` [ RunTime:0.0231s ]
NOTIC: [8] Undefined index: type D:\phpStudy\WWW\Application\Simplecard\Controller\IndexController.class.php 第 22 行.
NOTIC: [8] Undefined index: deck D:\phpStudy\WWW\Application\Simplecard\Controller\IndexController.class.php 第 30 行.
NOTIC: [8] Undefined index: other D:\phpStudy\WWW\Application\Simplecard\Controller\IndexController.class.php 第 31 行.
SQL: SELECT * FROM `simplecard` WHERE `Clan` IN ('Neutral') AND `Type` LIKE '%' AND `Deck` LIKE '%' AND `Name` LIKE '%' ORDER BY Clan,Deck,Type,Cost  [ RunTime:0.0000s ]
INFO: [ view_parse ] --START--
INFO: [ template_filter ] --START--
INFO: Run Behavior\ContentReplaceBehavior [ RunTime:0.000000s ]
INFO: [ template_filter ] --END-- [ RunTime:0.000000s ]
INFO: Run Behavior\ParseTemplateBehavior [ RunTime:0.015600s ]
INFO: [ view_parse ] --END-- [ RunTime:0.015600s ]
INFO: [ view_filter ] --START--
INFO: Run Behavior\WriteHtmlCacheBehavior [ RunTime:0.000000s ]
INFO: [ view_filter ] --END-- [ RunTime:0.000000s ]
INFO: [ app_end ] --START--
INFO: Run Behavior\ShowPageTraceBehavior [ RunTime:0.000000s ]
INFO: [ app_end ] --END-- [ RunTime:0.000000s ]

[ 2017-09-08T07:48:46+08:00 ] ::1 /index.php/Simplecard/Index/find
INFO: [ app_init ] --START--
INFO: Run Behavior\BuildLiteBehavior [ RunTime:0.000000s ]
INFO: [ app_init ] --END-- [ RunTime:0.002500s ]
INFO: [ app_begin ] --START--
INFO: Run Behavior\ReadHtmlCacheBehavior [ RunTime:0.002500s ]
INFO: [ app_begin ] --END-- [ RunTime:0.002500s ]
SQL: SHOW COLUMNS FROM `simplecard` [ RunTime:0.0075s ]
NOTIC: [8] Undefined index: type D:\phpStudy\WWW\Application\Simplecard\Controller\IndexController.class.php 第 22 行.
NOTIC: [8] Undefined index: other D:\phpStudy\WWW\Application\Simplecard\Controller\IndexController.class.php 第 31 行.
SQL: SELECT * FROM `simplecard` WHERE `Clan` IN ('Neutral') AND `Type` LIKE '%' AND `Deck` IN ('Dynasty') AND `Name` LIKE '%' ORDER BY Clan,Deck,Type,Cost  [ RunTime:0.0000s ]
INFO: [ view_parse ] --START--
INFO: [ template_filter ] --START--
INFO: Run Behavior\ContentReplaceBehavior [ RunTime:0.015600s ]
INFO: [ template_filter ] --END-- [ RunTime:0.015600s ]
INFO: Run Behavior\ParseTemplateBehavior [ RunTime:0.015600s ]
INFO: [ view_parse ] --END-- [ RunTime:0.015600s ]
INFO: [ view_filter ] --START--
INFO: Run Behavior\WriteHtmlCacheBehavior [ RunTime:0.000000s ]
INFO: [ view_filter ] --END-- [ RunTime:0.000000s ]
INFO: [ app_end ] --START--
INFO: Run Behavior\ShowPageTraceBehavior [ RunTime:0.000000s ]
INFO: [ app_end ] --END-- [ RunTime:0.000000s ]

