[ 2017-09-01T21:54:52+08:00 ] ::1 /simplecard
INFO: [ app_init ] --START--
INFO: Run Behavior\BuildLiteBehavior [ RunTime:0.000000s ]
INFO: [ app_init ] --END-- [ RunTime:0.000000s ]
INFO: [ app_begin ] --START--
INFO: Run Behavior\ReadHtmlCacheBehavior [ RunTime:0.001000s ]
INFO: [ app_begin ] --END-- [ RunTime:0.001000s ]
ERR: 1146:Table 'resthome.simplecard' doesn't exist
 [ SQL语句 ] : SHOW COLUMNS FROM `simplecard`
ERR: 1146:Table 'resthome.simplecard' doesn't exist
 [ SQL语句 ] : SHOW COLUMNS FROM `simplecard`

[ 2017-09-01T21:56:03+08:00 ] ::1 /simplecard
INFO: [ app_init ] --START--
INFO: Run Behavior\BuildLiteBehavior [ RunTime:0.000000s ]
INFO: [ app_init ] --END-- [ RunTime:0.001000s ]
INFO: [ app_begin ] --START--
INFO: Run Behavior\ReadHtmlCacheBehavior [ RunTime:0.001000s ]
INFO: [ app_begin ] --END-- [ RunTime:0.001000s ]
SQL: SHOW COLUMNS FROM `simplecard` [ RunTime:0.0020s ]
SQL: SELECT * FROM `simplecard`  [ RunTime:0.0020s ]
INFO: [ view_parse ] --START--
INFO: [ template_filter ] --START--
INFO: Run Behavior\ContentReplaceBehavior [ RunTime:0.000000s ]
INFO: [ template_filter ] --END-- [ RunTime:0.000000s ]
NOTIC: [8] Undefined variable: clan D:\phpStudy\WWW\Application\Runtime\Cache\Simplecard\2760b673d7baaf4281ddea0d5eebdb3a.php 第 75 行.
NOTIC: [8] Undefined variable: clan D:\phpStudy\WWW\Application\Runtime\Cache\Simplecard\2760b673d7baaf4281ddea0d5eebdb3a.php 第 75 行.
NOTIC: [8] Undefined variable: clan D:\phpStudy\WWW\Application\Runtime\Cache\Simplecard\2760b673d7baaf4281ddea0d5eebdb3a.php 第 78 行.
NOTIC: [8] Undefined variable: clan D:\phpStudy\WWW\Application\Runtime\Cache\Simplecard\2760b673d7baaf4281ddea0d5eebdb3a.php 第 78 行.
NOTIC: [8] Undefined variable: clan D:\phpStudy\WWW\Application\Runtime\Cache\Simplecard\2760b673d7baaf4281ddea0d5eebdb3a.php 第 81 行.
NOTIC: [8] Undefined variable: clan D:\phpStudy\WWW\Application\Runtime\Cache\Simplecard\2760b673d7baaf4281ddea0d5eebdb3a.php 第 81 行.
NOTIC: [8] Undefined variable: clan D:\phpStudy\WWW\Application\Runtime\Cache\Simplecard\2760b673d7baaf4281ddea0d5eebdb3a.php 第 84 行.
NOTIC: [8] Undefined variable: clan D:\phpStudy\WWW\Application\Runtime\Cache\Simplecard\2760b673d7baaf4281ddea0d5eebdb3a.php 第 84 行.
NOTIC: [8] Undefined variable: clan D:\phpStudy\WWW\Application\Runtime\Cache\Simplecard\2760b673d7baaf4281ddea0d5eebdb3a.php 第 87 行.
NOTIC: [8] Undefined variable: clan D:\phpStudy\WWW\Application\Runtime\Cache\Simplecard\2760b673d7baaf4281ddea0d5eebdb3a.php 第 87 行.
NOTIC: [8] Undefined variable: clan D:\phpStudy\WWW\Application\Runtime\Cache\Simplecard\2760b673d7baaf4281ddea0d5eebdb3a.php 第 90 行.
NOTIC: [8] Undefined variable: clan D:\phpStudy\WWW\Application\Runtime\Cache\Simplecard\2760b673d7baaf4281ddea0d5eebdb3a.php 第 90 行.
NOTIC: [8] Undefined variable: clan D:\phpStudy\WWW\Application\Runtime\Cache\Simplecard\2760b673d7baaf4281ddea0d5eebdb3a.php 第 93 行.
NOTIC: [8] Undefined variable: clan D:\phpStudy\WWW\Application\Runtime\Cache\Simplecard\2760b673d7baaf4281ddea0d5eebdb3a.php 第 93 行.
NOTIC: [8] Undefined variable: clan D:\phpStudy\WWW\Application\Runtime\Cache\Simplecard\2760b673d7baaf4281ddea0d5eebdb3a.php 第 96 行.
NOTIC: [8] Undefined variable: clan D:\phpStudy\WWW\Application\Runtime\Cache\Simplecard\2760b673d7baaf4281ddea0d5eebdb3a.php 第 96 行.
NOTIC: [8] Undefined variable: type D:\phpStudy\WWW\Application\Runtime\Cache\Simplecard\2760b673d7baaf4281ddea0d5eebdb3a.php 第 109 行.
NOTIC: [8] Undefined variable: type D:\phpStudy\WWW\Application\Runtime\Cache\Simplecard\2760b673d7baaf4281ddea0d5eebdb3a.php 第 109 行.
NOTIC: [8] Undefined variable: type D:\phpStudy\WWW\Application\Runtime\Cache\Simplecard\2760b673d7baaf4281ddea0d5eebdb3a.php 第 112 行.
NOTIC: [8] Undefined variable: type D:\phpStudy\WWW\Application\Runtime\Cache\Simplecard\2760b673d7baaf4281ddea0d5eebdb3a.php 第 112 行.
NOTIC: [8] Undefined variable: type D:\phpStudy\WWW\Application\Runtime\Cache\Simplecard\2760b673d7baaf4281ddea0d5eebdb3a.php 第 115 行.
NOTIC: [8] Undefined variable: type D:\phpStudy\WWW\Application\Runtime\Cache\Simplecard\2760b673d7baaf4281ddea0d5eebdb3a.php 第 115 行.
NOTIC: [8] Undefined variable: type D:\phpStudy\WWW\Application\Runtime\Cache\Simplecard\2760b673d7baaf4281ddea0d5eebdb3a.php 第 118 行.
NOTIC: [8] Undefined variable: type D:\phpStudy\WWW\Application\Runtime\Cache\Simplecard\2760b673d7baaf4281ddea0d5eebdb3a.php 第 118 行.
NOTIC: [8] Undefined variable: type D:\phpStudy\WWW\Application\Runtime\Cache\Simplecard\2760b673d7baaf4281ddea0d5eebdb3a.php 第 121 行.
NOTIC: [8] Undefined variable: type D:\phpStudy\WWW\Application\Runtime\Cache\Simplecard\2760b673d7baaf4281ddea0d5eebdb3a.php 第 121 行.
NOTIC: [8] Undefined variable: type D:\phpStudy\WWW\Application\Runtime\Cache\Simplecard\2760b673d7baaf4281ddea0d5eebdb3a.php 第 124 行.
NOTIC: [8] Undefined variable: type D:\phpStudy\WWW\Application\Runtime\Cache\Simplecard\2760b673d7baaf4281ddea0d5eebdb3a.php 第 124 行.
NOTIC: [8] Undefined variable: type D:\phpStudy\WWW\Application\Runtime\Cache\Simplecard\2760b673d7baaf4281ddea0d5eebdb3a.php 第 127 行.
NOTIC: [8] Undefined variable: type D:\phpStudy\WWW\Application\Runtime\Cache\Simplecard\2760b673d7baaf4281ddea0d5eebdb3a.php 第 127 行.
NOTIC: [8] Undefined variable: deck D:\phpStudy\WWW\Application\Runtime\Cache\Simplecard\2760b673d7baaf4281ddea0d5eebdb3a.php 第 136 行.
NOTIC: [8] Undefined variable: deck D:\phpStudy\WWW\Application\Runtime\Cache\Simplecard\2760b673d7baaf4281ddea0d5eebdb3a.php 第 136 行.
NOTIC: [8] Undefined variable: deck D:\phpStudy\WWW\Application\Runtime\Cache\Simplecard\2760b673d7baaf4281ddea0d5eebdb3a.php 第 139 行.
NOTIC: [8] Undefined variable: deck D:\phpStudy\WWW\Application\Runtime\Cache\Simplecard\2760b673d7baaf4281ddea0d5eebdb3a.php 第 139 行.
NOTIC: [8] Undefined variable: other D:\phpStudy\WWW\Application\Runtime\Cache\Simplecard\2760b673d7baaf4281ddea0d5eebdb3a.php 第 142 行.
NOTIC: [8] Undefined variable: other D:\phpStudy\WWW\Application\Runtime\Cache\Simplecard\2760b673d7baaf4281ddea0d5eebdb3a.php 第 142 行.
NOTIC: [8] Undefined variable: count D:\phpStudy\WWW\Application\Runtime\Cache\Simplecard\2760b673d7baaf4281ddea0d5eebdb3a.php 第 148 行.
INFO: Run Behavior\ParseTemplateBehavior [ RunTime:0.053000s ]
INFO: [ view_parse ] --END-- [ RunTime:0.053000s ]
INFO: [ view_filter ] --START--
INFO: Run Behavior\WriteHtmlCacheBehavior [ RunTime:0.000000s ]
INFO: [ view_filter ] --END-- [ RunTime:0.000000s ]
INFO: [ app_end ] --START--
INFO: Run Behavior\ShowPageTraceBehavior [ RunTime:0.001000s ]
INFO: [ app_end ] --END-- [ RunTime:0.001000s ]

[ 2017-09-01T21:56:37+08:00 ] ::1 /index.php/Simplecard/Index/find
INFO: [ app_init ] --START--
INFO: Run Behavior\BuildLiteBehavior [ RunTime:0.000000s ]
INFO: [ app_init ] --END-- [ RunTime:0.001000s ]
INFO: [ app_begin ] --START--
INFO: Run Behavior\ReadHtmlCacheBehavior [ RunTime:0.001000s ]
INFO: [ app_begin ] --END-- [ RunTime:0.001000s ]
SQL: SHOW COLUMNS FROM `simplecard` [ RunTime:0.0020s ]
NOTIC: [8] Undefined index: clan D:\phpStudy\WWW\Application\Simplecard\Controller\IndexController.class.php 第 15 行.
NOTIC: [8] Undefined index: deck D:\phpStudy\WWW\Application\Simplecard\Controller\IndexController.class.php 第 30 行.
NOTIC: [8] Undefined index: other D:\phpStudy\WWW\Application\Simplecard\Controller\IndexController.class.php 第 31 行.
SQL: SELECT * FROM `simplecard` WHERE `Clan` LIKE '%' AND `Type` IN ('Holding') AND `Deck` LIKE '%' AND `Name` LIKE '%' ORDER BY Name  [ RunTime:0.0010s ]
INFO: [ view_parse ] --START--
INFO: [ template_filter ] --START--
INFO: Run Behavior\ContentReplaceBehavior [ RunTime:0.000000s ]
INFO: [ template_filter ] --END-- [ RunTime:0.000000s ]
INFO: Run Behavior\ParseTemplateBehavior [ RunTime:0.010000s ]
INFO: [ view_parse ] --END-- [ RunTime:0.010000s ]
INFO: [ view_filter ] --START--
INFO: Run Behavior\WriteHtmlCacheBehavior [ RunTime:0.000000s ]
INFO: [ view_filter ] --END-- [ RunTime:0.000000s ]
INFO: [ app_end ] --START--
INFO: Run Behavior\ShowPageTraceBehavior [ RunTime:0.002000s ]
INFO: [ app_end ] --END-- [ RunTime:0.002000s ]

[ 2017-09-01T21:56:48+08:00 ] ::1 /index.php/Simplecard/Index/find
INFO: [ app_init ] --START--
INFO: Run Behavior\BuildLiteBehavior [ RunTime:0.000000s ]
INFO: [ app_init ] --END-- [ RunTime:0.000000s ]
INFO: [ app_begin ] --START--
INFO: Run Behavior\ReadHtmlCacheBehavior [ RunTime:0.001000s ]
INFO: [ app_begin ] --END-- [ RunTime:0.001000s ]
SQL: SHOW COLUMNS FROM `simplecard` [ RunTime:0.0020s ]
NOTIC: [8] Undefined index: clan D:\phpStudy\WWW\Application\Simplecard\Controller\IndexController.class.php 第 15 行.
NOTIC: [8] Undefined index: deck D:\phpStudy\WWW\Application\Simplecard\Controller\IndexController.class.php 第 30 行.
NOTIC: [8] Undefined index: other D:\phpStudy\WWW\Application\Simplecard\Controller\IndexController.class.php 第 31 行.
SQL: SELECT * FROM `simplecard` WHERE `Clan` LIKE '%' AND `Type` IN ('Stronghold','Province','Holding') AND `Deck` LIKE '%' AND `Name` LIKE '%' ORDER BY Name  [ RunTime:0.0000s ]
INFO: [ view_parse ] --START--
INFO: [ template_filter ] --START--
INFO: Run Behavior\ContentReplaceBehavior [ RunTime:0.000000s ]
INFO: [ template_filter ] --END-- [ RunTime:0.000000s ]
INFO: Run Behavior\ParseTemplateBehavior [ RunTime:0.010000s ]
INFO: [ view_parse ] --END-- [ RunTime:0.011000s ]
INFO: [ view_filter ] --START--
INFO: Run Behavior\WriteHtmlCacheBehavior [ RunTime:0.000000s ]
INFO: [ view_filter ] --END-- [ RunTime:0.000000s ]
INFO: [ app_end ] --START--
INFO: Run Behavior\ShowPageTraceBehavior [ RunTime:0.001000s ]
INFO: [ app_end ] --END-- [ RunTime:0.001000s ]

[ 2017-09-01T21:56:53+08:00 ] ::1 /index.php/Simplecard/Index/find
INFO: [ app_init ] --START--
INFO: Run Behavior\BuildLiteBehavior [ RunTime:0.001000s ]
INFO: [ app_init ] --END-- [ RunTime:0.001000s ]
INFO: [ app_begin ] --START--
INFO: Run Behavior\ReadHtmlCacheBehavior [ RunTime:0.001000s ]
INFO: [ app_begin ] --END-- [ RunTime:0.001000s ]
SQL: SHOW COLUMNS FROM `simplecard` [ RunTime:0.0020s ]
NOTIC: [8] Undefined index: clan D:\phpStudy\WWW\Application\Simplecard\Controller\IndexController.class.php 第 15 行.
NOTIC: [8] Undefined index: deck D:\phpStudy\WWW\Application\Simplecard\Controller\IndexController.class.php 第 30 行.
NOTIC: [8] Undefined index: other D:\phpStudy\WWW\Application\Simplecard\Controller\IndexController.class.php 第 31 行.
SQL: SELECT * FROM `simplecard` WHERE `Clan` LIKE '%' AND `Type` IN ('Province','Holding') AND `Deck` LIKE '%' AND `Name` LIKE '%' ORDER BY Name  [ RunTime:0.0010s ]
INFO: [ view_parse ] --START--
INFO: [ template_filter ] --START--
INFO: Run Behavior\ContentReplaceBehavior [ RunTime:0.000000s ]
INFO: [ template_filter ] --END-- [ RunTime:0.000000s ]
INFO: Run Behavior\ParseTemplateBehavior [ RunTime:0.009000s ]
INFO: [ view_parse ] --END-- [ RunTime:0.009000s ]
INFO: [ view_filter ] --START--
INFO: Run Behavior\WriteHtmlCacheBehavior [ RunTime:0.001000s ]
INFO: [ view_filter ] --END-- [ RunTime:0.001000s ]
INFO: [ app_end ] --START--
INFO: Run Behavior\ShowPageTraceBehavior [ RunTime:0.000000s ]
INFO: [ app_end ] --END-- [ RunTime:0.000000s ]

[ 2017-09-01T21:58:37+08:00 ] ::1 /index.php/Simplecard/Index/find
INFO: [ app_init ] --START--
INFO: Run Behavior\BuildLiteBehavior [ RunTime:0.000000s ]
INFO: [ app_init ] --END-- [ RunTime:0.015600s ]
INFO: [ app_begin ] --START--
INFO: Run Behavior\ReadHtmlCacheBehavior [ RunTime:0.001000s ]
INFO: [ app_begin ] --END-- [ RunTime:0.001000s ]
SQL: SHOW COLUMNS FROM `simplecard` [ RunTime:0.0030s ]
NOTIC: [8] Undefined index: clan D:\phpStudy\WWW\Application\Simplecard\Controller\IndexController.class.php 第 15 行.
NOTIC: [8] Undefined index: deck D:\phpStudy\WWW\Application\Simplecard\Controller\IndexController.class.php 第 30 行.
NOTIC: [8] Undefined index: other D:\phpStudy\WWW\Application\Simplecard\Controller\IndexController.class.php 第 31 行.
SQL: SELECT * FROM `simplecard` WHERE `Clan` LIKE '%' AND `Type` IN ('Province','Holding') AND `Deck` LIKE '%' AND `Name` LIKE '%' ORDER BY Name  [ RunTime:0.0010s ]
INFO: [ view_parse ] --START--
INFO: [ template_filter ] --START--
INFO: Run Behavior\ContentReplaceBehavior [ RunTime:0.000000s ]
INFO: [ template_filter ] --END-- [ RunTime:0.000000s ]
INFO: Run Behavior\ParseTemplateBehavior [ RunTime:0.010000s ]
INFO: [ view_parse ] --END-- [ RunTime:0.010000s ]
INFO: [ view_filter ] --START--
INFO: Run Behavior\WriteHtmlCacheBehavior [ RunTime:0.000000s ]
INFO: [ view_filter ] --END-- [ RunTime:0.000000s ]
INFO: [ app_end ] --START--
INFO: Run Behavior\ShowPageTraceBehavior [ RunTime:0.001000s ]
INFO: [ app_end ] --END-- [ RunTime:0.001000s ]

[ 2017-09-01T21:58:40+08:00 ] ::1 /index.php/Simplecard/Index/find
INFO: [ app_init ] --START--
INFO: Run Behavior\BuildLiteBehavior [ RunTime:0.000000s ]
INFO: [ app_init ] --END-- [ RunTime:0.000000s ]
INFO: [ app_begin ] --START--
INFO: Run Behavior\ReadHtmlCacheBehavior [ RunTime:0.000000s ]
INFO: [ app_begin ] --END-- [ RunTime:0.001000s ]
SQL: SHOW COLUMNS FROM `simplecard` [ RunTime:0.0030s ]
NOTIC: [8] Undefined index: clan D:\phpStudy\WWW\Application\Simplecard\Controller\IndexController.class.php 第 15 行.
NOTIC: [8] Undefined index: deck D:\phpStudy\WWW\Application\Simplecard\Controller\IndexController.class.php 第 30 行.
NOTIC: [8] Undefined index: other D:\phpStudy\WWW\Application\Simplecard\Controller\IndexController.class.php 第 31 行.
SQL: SELECT * FROM `simplecard` WHERE `Clan` LIKE '%' AND `Type` IN ('Province','Holding') AND `Deck` LIKE '%' AND `Name` LIKE '%' ORDER BY Name  [ RunTime:0.0010s ]
INFO: [ view_parse ] --START--
INFO: [ template_filter ] --START--
INFO: Run Behavior\ContentReplaceBehavior [ RunTime:0.000000s ]
INFO: [ template_filter ] --END-- [ RunTime:0.000000s ]
INFO: Run Behavior\ParseTemplateBehavior [ RunTime:0.009000s ]
INFO: [ view_parse ] --END-- [ RunTime:0.009000s ]
INFO: [ view_filter ] --START--
INFO: Run Behavior\WriteHtmlCacheBehavior [ RunTime:0.000000s ]
INFO: [ view_filter ] --END-- [ RunTime:0.001000s ]
INFO: [ app_end ] --START--
INFO: Run Behavior\ShowPageTraceBehavior [ RunTime:0.001000s ]
INFO: [ app_end ] --END-- [ RunTime:0.001000s ]

[ 2017-09-01T21:58:42+08:00 ] ::1 /index.php/Simplecard/Index/find
INFO: [ app_init ] --START--
INFO: Run Behavior\BuildLiteBehavior [ RunTime:0.000000s ]
INFO: [ app_init ] --END-- [ RunTime:0.001000s ]
INFO: [ app_begin ] --START--
INFO: Run Behavior\ReadHtmlCacheBehavior [ RunTime:0.001000s ]
INFO: [ app_begin ] --END-- [ RunTime:0.001000s ]
SQL: SHOW COLUMNS FROM `simplecard` [ RunTime:0.0030s ]
NOTIC: [8] Undefined index: clan D:\phpStudy\WWW\Application\Simplecard\Controller\IndexController.class.php 第 15 行.
NOTIC: [8] Undefined index: deck D:\phpStudy\WWW\Application\Simplecard\Controller\IndexController.class.php 第 30 行.
NOTIC: [8] Undefined index: other D:\phpStudy\WWW\Application\Simplecard\Controller\IndexController.class.php 第 31 行.
SQL: SELECT * FROM `simplecard` WHERE `Clan` LIKE '%' AND `Type` IN ('Province','Holding') AND `Deck` LIKE '%' AND `Name` LIKE '%' ORDER BY Name  [ RunTime:0.0010s ]
INFO: [ view_parse ] --START--
INFO: [ template_filter ] --START--
INFO: Run Behavior\ContentReplaceBehavior [ RunTime:0.000000s ]
INFO: [ template_filter ] --END-- [ RunTime:0.000000s ]
INFO: Run Behavior\ParseTemplateBehavior [ RunTime:0.009000s ]
INFO: [ view_parse ] --END-- [ RunTime:0.009000s ]
INFO: [ view_filter ] --START--
INFO: Run Behavior\WriteHtmlCacheBehavior [ RunTime:0.001000s ]
INFO: [ view_filter ] --END-- [ RunTime:0.001000s ]
INFO: [ app_end ] --START--
INFO: Run Behavior\ShowPageTraceBehavior [ RunTime:0.001000s ]
INFO: [ app_end ] --END-- [ RunTime:0.001000s ]

[ 2017-09-01T21:58:43+08:00 ] ::1 /index.php/Simplecard/Index/find
INFO: [ app_init ] --START--
INFO: Run Behavior\BuildLiteBehavior [ RunTime:0.000000s ]
INFO: [ app_init ] --END-- [ RunTime:0.001000s ]
INFO: [ app_begin ] --START--
INFO: Run Behavior\ReadHtmlCacheBehavior [ RunTime:0.000000s ]
INFO: [ app_begin ] --END-- [ RunTime:0.001000s ]
SQL: SHOW COLUMNS FROM `simplecard` [ RunTime:0.0040s ]
NOTIC: [8] Undefined index: clan D:\phpStudy\WWW\Application\Simplecard\Controller\IndexController.class.php 第 15 行.
NOTIC: [8] Undefined index: deck D:\phpStudy\WWW\Application\Simplecard\Controller\IndexController.class.php 第 30 行.
NOTIC: [8] Undefined index: other D:\phpStudy\WWW\Application\Simplecard\Controller\IndexController.class.php 第 31 行.
SQL: SELECT * FROM `simplecard` WHERE `Clan` LIKE '%' AND `Type` IN ('Province','Holding') AND `Deck` LIKE '%' AND `Name` LIKE '%' ORDER BY Name  [ RunTime:0.0010s ]
INFO: [ view_parse ] --START--
INFO: [ template_filter ] --START--
INFO: Run Behavior\ContentReplaceBehavior [ RunTime:0.000000s ]
INFO: [ template_filter ] --END-- [ RunTime:0.000000s ]
INFO: Run Behavior\ParseTemplateBehavior [ RunTime:0.013000s ]
INFO: [ view_parse ] --END-- [ RunTime:0.013000s ]
INFO: [ view_filter ] --START--
INFO: Run Behavior\WriteHtmlCacheBehavior [ RunTime:0.001000s ]
INFO: [ view_filter ] --END-- [ RunTime:0.001000s ]
INFO: [ app_end ] --START--
INFO: Run Behavior\ShowPageTraceBehavior [ RunTime:0.001000s ]
INFO: [ app_end ] --END-- [ RunTime:0.001000s ]

[ 2017-09-01T21:58:47+08:00 ] ::1 /index.php/Simplecard/Index/find
INFO: [ app_init ] --START--
INFO: Run Behavior\BuildLiteBehavior [ RunTime:0.000000s ]
INFO: [ app_init ] --END-- [ RunTime:0.000000s ]
INFO: [ app_begin ] --START--
INFO: Run Behavior\ReadHtmlCacheBehavior [ RunTime:0.000000s ]
INFO: [ app_begin ] --END-- [ RunTime:0.000000s ]
SQL: SHOW COLUMNS FROM `simplecard` [ RunTime:0.0030s ]
NOTIC: [8] Undefined index: clan D:\phpStudy\WWW\Application\Simplecard\Controller\IndexController.class.php 第 15 行.
NOTIC: [8] Undefined index: deck D:\phpStudy\WWW\Application\Simplecard\Controller\IndexController.class.php 第 30 行.
NOTIC: [8] Undefined index: other D:\phpStudy\WWW\Application\Simplecard\Controller\IndexController.class.php 第 31 行.
SQL: SELECT * FROM `simplecard` WHERE `Clan` LIKE '%' AND `Type` IN ('Province','Holding') AND `Deck` LIKE '%' AND `Name` LIKE '%' ORDER BY Name  [ RunTime:0.0000s ]
INFO: [ view_parse ] --START--
INFO: [ template_filter ] --START--
INFO: Run Behavior\ContentReplaceBehavior [ RunTime:0.000000s ]
INFO: [ template_filter ] --END-- [ RunTime:0.000000s ]
INFO: Run Behavior\ParseTemplateBehavior [ RunTime:0.009000s ]
INFO: [ view_parse ] --END-- [ RunTime:0.009000s ]
INFO: [ view_filter ] --START--
INFO: Run Behavior\WriteHtmlCacheBehavior [ RunTime:0.000000s ]
INFO: [ view_filter ] --END-- [ RunTime:0.000000s ]
INFO: [ app_end ] --START--
INFO: Run Behavior\ShowPageTraceBehavior [ RunTime:0.001000s ]
INFO: [ app_end ] --END-- [ RunTime:0.001000s ]

[ 2017-09-01T21:58:48+08:00 ] ::1 /index.php/Simplecard/Index/find
INFO: [ app_init ] --START--
INFO: Run Behavior\BuildLiteBehavior [ RunTime:0.000000s ]
INFO: [ app_init ] --END-- [ RunTime:0.000000s ]
INFO: [ app_begin ] --START--
INFO: Run Behavior\ReadHtmlCacheBehavior [ RunTime:0.000000s ]
INFO: [ app_begin ] --END-- [ RunTime:0.000000s ]
SQL: SHOW COLUMNS FROM `simplecard` [ RunTime:0.0030s ]
NOTIC: [8] Undefined index: clan D:\phpStudy\WWW\Application\Simplecard\Controller\IndexController.class.php 第 15 行.
NOTIC: [8] Undefined index: deck D:\phpStudy\WWW\Application\Simplecard\Controller\IndexController.class.php 第 30 行.
NOTIC: [8] Undefined index: other D:\phpStudy\WWW\Application\Simplecard\Controller\IndexController.class.php 第 31 行.
SQL: SELECT * FROM `simplecard` WHERE `Clan` LIKE '%' AND `Type` IN ('Province','Holding') AND `Deck` LIKE '%' AND `Name` LIKE '%' ORDER BY Name  [ RunTime:0.0000s ]
INFO: [ view_parse ] --START--
INFO: [ template_filter ] --START--
INFO: Run Behavior\ContentReplaceBehavior [ RunTime:0.000000s ]
INFO: [ template_filter ] --END-- [ RunTime:0.000000s ]
INFO: Run Behavior\ParseTemplateBehavior [ RunTime:0.011000s ]
INFO: [ view_parse ] --END-- [ RunTime:0.011000s ]
INFO: [ view_filter ] --START--
INFO: Run Behavior\WriteHtmlCacheBehavior [ RunTime:0.001000s ]
INFO: [ view_filter ] --END-- [ RunTime:0.001000s ]
INFO: [ app_end ] --START--
INFO: Run Behavior\ShowPageTraceBehavior [ RunTime:0.001000s ]
INFO: [ app_end ] --END-- [ RunTime:0.001000s ]

[ 2017-09-01T21:58:54+08:00 ] ::1 /index.php/Simplecard/Index/find
INFO: [ app_init ] --START--
INFO: Run Behavior\BuildLiteBehavior [ RunTime:0.000000s ]
INFO: [ app_init ] --END-- [ RunTime:0.000000s ]
INFO: [ app_begin ] --START--
INFO: Run Behavior\ReadHtmlCacheBehavior [ RunTime:0.015600s ]
INFO: [ app_begin ] --END-- [ RunTime:0.015600s ]
SQL: SHOW COLUMNS FROM `simplecard` [ RunTime:0.0030s ]
NOTIC: [8] Undefined index: clan D:\phpStudy\WWW\Application\Simplecard\Controller\IndexController.class.php 第 15 行.
NOTIC: [8] Undefined index: deck D:\phpStudy\WWW\Application\Simplecard\Controller\IndexController.class.php 第 30 行.
NOTIC: [8] Undefined index: other D:\phpStudy\WWW\Application\Simplecard\Controller\IndexController.class.php 第 31 行.
SQL: SELECT * FROM `simplecard` WHERE `Clan` LIKE '%' AND `Type` IN ('Province','Holding') AND `Deck` LIKE '%' AND `Name` LIKE '%' ORDER BY Name  [ RunTime:0.0000s ]
INFO: [ view_parse ] --START--
INFO: [ template_filter ] --START--
INFO: Run Behavior\ContentReplaceBehavior [ RunTime:0.000000s ]
INFO: [ template_filter ] --END-- [ RunTime:0.000000s ]
INFO: Run Behavior\ParseTemplateBehavior [ RunTime:0.009000s ]
INFO: [ view_parse ] --END-- [ RunTime:0.009000s ]
INFO: [ view_filter ] --START--
INFO: Run Behavior\WriteHtmlCacheBehavior [ RunTime:0.001000s ]
INFO: [ view_filter ] --END-- [ RunTime:0.001000s ]
INFO: [ app_end ] --START--
INFO: Run Behavior\ShowPageTraceBehavior [ RunTime:0.001000s ]
INFO: [ app_end ] --END-- [ RunTime:0.001000s ]

[ 2017-09-01T22:04:19+08:00 ] ::1 /index.php/Simplecard/Index/find
INFO: [ app_init ] --START--
INFO: Run Behavior\BuildLiteBehavior [ RunTime:0.000000s ]
INFO: [ app_init ] --END-- [ RunTime:0.000000s ]
INFO: [ app_begin ] --START--
INFO: Run Behavior\ReadHtmlCacheBehavior [ RunTime:0.001000s ]
INFO: [ app_begin ] --END-- [ RunTime:0.001000s ]
SQL: SHOW COLUMNS FROM `simplecard` [ RunTime:0.0040s ]
NOTIC: [8] Undefined index: clan D:\phpStudy\WWW\Application\Simplecard\Controller\IndexController.class.php 第 15 行.
NOTIC: [8] Undefined index: deck D:\phpStudy\WWW\Application\Simplecard\Controller\IndexController.class.php 第 30 行.
NOTIC: [8] Undefined index: other D:\phpStudy\WWW\Application\Simplecard\Controller\IndexController.class.php 第 31 行.
SQL: SELECT * FROM `simplecard` WHERE `Clan` LIKE '%' AND `Type` IN ('Province','Holding') AND `Deck` LIKE '%' AND `Name` LIKE '%' ORDER BY Name  [ RunTime:0.0010s ]
INFO: [ view_parse ] --START--
INFO: [ template_filter ] --START--
INFO: Run Behavior\ContentReplaceBehavior [ RunTime:0.000000s ]
INFO: [ template_filter ] --END-- [ RunTime:0.000000s ]
INFO: Run Behavior\ParseTemplateBehavior [ RunTime:0.009000s ]
INFO: [ view_parse ] --END-- [ RunTime:0.009000s ]
INFO: [ view_filter ] --START--
INFO: Run Behavior\WriteHtmlCacheBehavior [ RunTime:0.000000s ]
INFO: [ view_filter ] --END-- [ RunTime:0.000000s ]
INFO: [ app_end ] --START--
INFO: Run Behavior\ShowPageTraceBehavior [ RunTime:0.001000s ]
INFO: [ app_end ] --END-- [ RunTime:0.001000s ]

[ 2017-09-01T22:04:21+08:00 ] ::1 /index.php/Simplecard/Index/find
INFO: [ app_init ] --START--
INFO: Run Behavior\BuildLiteBehavior [ RunTime:0.000000s ]
INFO: [ app_init ] --END-- [ RunTime:0.001000s ]
INFO: [ app_begin ] --START--
INFO: Run Behavior\ReadHtmlCacheBehavior [ RunTime:0.001000s ]
INFO: [ app_begin ] --END-- [ RunTime:0.001000s ]
SQL: SHOW COLUMNS FROM `simplecard` [ RunTime:0.0020s ]
NOTIC: [8] Undefined index: clan D:\phpStudy\WWW\Application\Simplecard\Controller\IndexController.class.php 第 15 行.
NOTIC: [8] Undefined index: deck D:\phpStudy\WWW\Application\Simplecard\Controller\IndexController.class.php 第 30 行.
NOTIC: [8] Undefined index: other D:\phpStudy\WWW\Application\Simplecard\Controller\IndexController.class.php 第 31 行.
SQL: SELECT * FROM `simplecard` WHERE `Clan` LIKE '%' AND `Type` IN ('Province','Holding') AND `Deck` LIKE '%' AND `Name` LIKE '%' ORDER BY Name  [ RunTime:0.0000s ]
INFO: [ view_parse ] --START--
INFO: [ template_filter ] --START--
INFO: Run Behavior\ContentReplaceBehavior [ RunTime:0.000000s ]
INFO: [ template_filter ] --END-- [ RunTime:0.000000s ]
INFO: Run Behavior\ParseTemplateBehavior [ RunTime:0.010000s ]
INFO: [ view_parse ] --END-- [ RunTime:0.010000s ]
INFO: [ view_filter ] --START--
INFO: Run Behavior\WriteHtmlCacheBehavior [ RunTime:0.001000s ]
INFO: [ view_filter ] --END-- [ RunTime:0.001000s ]
INFO: [ app_end ] --START--
INFO: Run Behavior\ShowPageTraceBehavior [ RunTime:0.001000s ]
INFO: [ app_end ] --END-- [ RunTime:0.001000s ]

[ 2017-09-01T22:04:26+08:00 ] ::1 /index.php/Simplecard/Index/find
INFO: [ app_init ] --START--
INFO: Run Behavior\BuildLiteBehavior [ RunTime:0.000000s ]
INFO: [ app_init ] --END-- [ RunTime:0.000000s ]
INFO: [ app_begin ] --START--
INFO: Run Behavior\ReadHtmlCacheBehavior [ RunTime:0.001000s ]
INFO: [ app_begin ] --END-- [ RunTime:0.001000s ]
SQL: SHOW COLUMNS FROM `simplecard` [ RunTime:0.0030s ]
NOTIC: [8] Undefined index: clan D:\phpStudy\WWW\Application\Simplecard\Controller\IndexController.class.php 第 15 行.
NOTIC: [8] Undefined index: deck D:\phpStudy\WWW\Application\Simplecard\Controller\IndexController.class.php 第 30 行.
NOTIC: [8] Undefined index: other D:\phpStudy\WWW\Application\Simplecard\Controller\IndexController.class.php 第 31 行.
SQL: SELECT * FROM `simplecard` WHERE `Clan` LIKE '%' AND `Type` IN ('Province','Holding') AND `Deck` LIKE '%' AND `Name` LIKE '%' ORDER BY Name  [ RunTime:0.0010s ]
INFO: [ view_parse ] --START--
INFO: [ template_filter ] --START--
INFO: Run Behavior\ContentReplaceBehavior [ RunTime:0.000000s ]
INFO: [ template_filter ] --END-- [ RunTime:0.000000s ]
INFO: Run Behavior\ParseTemplateBehavior [ RunTime:0.009000s ]
INFO: [ view_parse ] --END-- [ RunTime:0.009000s ]
INFO: [ view_filter ] --START--
INFO: Run Behavior\WriteHtmlCacheBehavior [ RunTime:0.001000s ]
INFO: [ view_filter ] --END-- [ RunTime:0.001000s ]
INFO: [ app_end ] --START--
INFO: Run Behavior\ShowPageTraceBehavior [ RunTime:0.001000s ]
INFO: [ app_end ] --END-- [ RunTime:0.001000s ]

