[ 2017-07-14T07:47:39+08:00 ] ::1 /tp/index.php/User/Chief/main
INFO: [ app_init ] --START--
INFO: Run Behavior\BuildLiteBehavior [ RunTime:0.000000s ]
INFO: [ app_init ] --END-- [ RunTime:0.000000s ]
INFO: [ app_begin ] --START--
INFO: Run Behavior\ReadHtmlCacheBehavior [ RunTime:0.001000s ]
INFO: [ app_begin ] --END-- [ RunTime:0.001000s ]
SQL: SHOW COLUMNS FROM `person` [ RunTime:0.0040s ]
SQL: SELECT COUNT(id) AS tp_count FROM `person` WHERE ( active = 1 and chiefid =8 ) LIMIT 1   [ RunTime:0.0010s ]
SQL: select person.id,person.name,person.chiefid,eat.date,user.realname,eat.breakfastid,eat.lunchid,eat.supperid,
		(select meal.name from meal where meal.id=breakfastid) as breakfast,
		(select meal.name from meal where meal.id=lunchid) as lunch,
		(select meal.name from meal where meal.id=supperid) as supper
		from user ,person left join eat on person.id = eat.personid and eat.date = '2017-07-14'
		where user.id=person.chiefid and person.active =1 and person.chiefid=8
		limit 0 ,5; [ RunTime:0.0010s ]
SQL: select meal.id,meal.name,
			(select name from food where food.id=meal.staple1) as staple1 ,
			(select name from food where food.id=meal.staple2) as staple2 ,
			(select name from food where food.id=meal.dish1) as dish1 ,
			(select name from food where food.id=meal.dish2) as dish2 ,
			(select name from food where food.id=meal.dish3) as dish3 ,
			(select name from food where food.id=meal.soup1) as soup1 ,
			(select name from food where food.id=meal.other1) as other1 ,
			(select name from food where food.id=meal.other2) as other2 
			from meal; [ RunTime:0.0020s ]
INFO: [ view_parse ] --START--
INFO: [ template_filter ] --START--
INFO: Run Behavior\ContentReplaceBehavior [ RunTime:0.000000s ]
INFO: [ template_filter ] --END-- [ RunTime:0.000000s ]
INFO: Run Behavior\ParseTemplateBehavior [ RunTime:0.009000s ]
INFO: [ view_parse ] --END-- [ RunTime:0.009000s ]
INFO: [ view_filter ] --START--
INFO: Run Behavior\WriteHtmlCacheBehavior [ RunTime:0.000000s ]
INFO: [ view_filter ] --END-- [ RunTime:0.000000s ]
INFO: [ app_end ] --START--
INFO: Run Behavior\ShowPageTraceBehavior [ RunTime:0.000000s ]
INFO: [ app_end ] --END-- [ RunTime:0.000000s ]

