[ 2017-06-08T07:36:40+08:00 ] ::1 /tp/Public/bootstrap-datepicker-1.4.0-dist/js/locales/bootstrap-datepicker.zh-CN.js
INFO: [ app_init ] --START--
INFO: Run Behavior\BuildLiteBehavior [ RunTime:0.000000s ]
INFO: [ app_init ] --END-- [ RunTime:0.000000s ]
ERR: 无法加载模块:Public

[ 2017-06-08T07:37:12+08:00 ] ::1 /tp/Public/bootstrap-datepicker-1.4.0-dist/js/locales/bootstrap-datepicker.zh-CN.js
INFO: [ app_init ] --START--
INFO: Run Behavior\BuildLiteBehavior [ RunTime:0.000000s ]
INFO: [ app_init ] --END-- [ RunTime:0.000000s ]
ERR: 无法加载模块:Public

[ 2017-06-08T07:41:25+08:00 ] ::1 /tp/Public/bootstrap-datepicker-1.4.0-dist/js/locales/bootstrap-datepicker.zh-CN.js
INFO: [ app_init ] --START--
INFO: Run Behavior\BuildLiteBehavior [ RunTime:0.000000s ]
INFO: [ app_init ] --END-- [ RunTime:0.000000s ]
ERR: 无法加载模块:Public

[ 2017-06-08T07:42:26+08:00 ] ::1 /tp/Public/bootstrap-datepicker-1.4.0-dist/js/locales/bootstrap-datepicker.zh-CN.js
INFO: [ app_init ] --START--
INFO: Run Behavior\BuildLiteBehavior [ RunTime:0.000000s ]
INFO: [ app_init ] --END-- [ RunTime:0.000000s ]
ERR: 无法加载模块:Public

[ 2017-06-08T07:43:05+08:00 ] ::1 /tp/Public/bootstrap-datepicker-1.4.0-dist/js/locales/bootstrap-datepicker.zh-CN.js
INFO: [ app_init ] --START--
INFO: Run Behavior\BuildLiteBehavior [ RunTime:0.000000s ]
INFO: [ app_init ] --END-- [ RunTime:0.000000s ]
ERR: 无法加载模块:Public

[ 2017-06-08T07:43:58+08:00 ] ::1 /tp/Public/bootstrap-datepicker-1.4.0-dist/js/locales/bootstrap-datepicker.zh-CN.js
INFO: [ app_init ] --START--
INFO: Run Behavior\BuildLiteBehavior [ RunTime:0.000000s ]
INFO: [ app_init ] --END-- [ RunTime:0.000000s ]
ERR: 无法加载模块:Public

[ 2017-06-08T07:44:27+08:00 ] ::1 /tp/Public/bootstrap-datepicker-1.4.0-dist/js/locales/bootstrap-datepicker.zh-CN.js
INFO: [ app_init ] --START--
INFO: Run Behavior\BuildLiteBehavior [ RunTime:0.000000s ]
INFO: [ app_init ] --END-- [ RunTime:0.000000s ]
ERR: 无法加载模块:Public

[ 2017-06-08T07:46:51+08:00 ] ::1 /tp/Public/bootstrap-datepicker-1.4.0-dist/js/locales/bootstrap-datepicker.zh-CN.js
INFO: [ app_init ] --START--
INFO: Run Behavior\BuildLiteBehavior [ RunTime:0.000000s ]
INFO: [ app_init ] --END-- [ RunTime:0.000000s ]
ERR: 无法加载模块:Public

[ 2017-06-08T07:48:22+08:00 ] ::1 /tp/Public/bootstrap-datepicker-1.4.0-dist/js/locales/bootstrap-datepicker.zh-CN.min.js
INFO: [ app_init ] --START--
INFO: Run Behavior\BuildLiteBehavior [ RunTime:0.000000s ]
INFO: [ app_init ] --END-- [ RunTime:0.002500s ]
ERR: 无法加载模块:Public

